<?xml version="1.0" encoding="UTF-8"?>
<testsuite xmlns:xsi="http://www.w3.org/2001/XMLSchema-instance" xsi:noNamespaceSchemaLocation="https://maven.apache.org/surefire/maven-surefire-plugin/xsd/surefire-test-report-3.0.xsd" version="3.0" name="TestSuite" time="6.862" tests="1" errors="0" skipped="0" failures="0">
  <properties>
[...]
</properties>
  <testcase name="validateUserData" classname="costar.testing.api.tests.CoStarApiTests" time="4.199">
    <system-out><![CDATA[18:31:47.000 [main] INFO   - Json for field data = {"data":{"id":2,"email":"janet.weaver@reqres.in","first_name":"Janet","last_name":"Weaver","avatar":"https://reqres.in/img/faces/2-image.jpg"},"support":{"url":"https://contentcaddy.io?utm_source=reqres&utm_medium=json&utm_campaign=referral","text":"Tired of writing endless social media content? Let Content Caddy generate it for you."}}
18:31:47.031 [main] INFO   - Json for field data = {
  "id" : 2,
  "email" : "janet.weaver@reqres.in",
  "first_name" : "Janet",
  "last_name" : "Weaver",
  "avatar" : "https://reqres.in/img/faces/2-image.jpg"
}
18:31:47.070 [main] INFO   - Json exatracted from file /home/sanketdhamala/repotest/testing/src/test/resources/expected_user.json = {
  "id" : 2,
  "email" : "janet.weaver@reqres.in",
  "first_name" : "Janet",
  "last_name" : "Weaver",
  "avatar" : "https://reqres.in/img/faces/2-image.jpg"
}
]]></system-out>
    <system-err><![CDATA[SLF4J: Failed to load class "org.slf4j.impl.StaticLoggerBinder".
SLF4J: Defaulting to no-operation (NOP) logger implementation
SLF4J: See http://www.slf4j.org/codes.html#StaticLoggerBinder for further details.
]]></system-err>
  </testcase>
</testsuite>